2017/03/09 20:34:03 POST /PolarisService 2.002030
2017/03/10 17:20:53 POST /VA_CSP_TN_Management 1.022396
2017/03/10 17:21:43 POST /VA_CSP_TN_Management 1.044855
2017/03/10 17:21:47 POST /VA_CSP_TN_Management 1.015560
2017/03/10 18:18:12 POST /VA_CSP_TN_Management 1.070354
2017/03/10 18:19:37 POST /VA_CSP_TN_Management 1.009804
2017/03/10 18:23:15 POST /VA_CSP_TN_Management 1.011758
2017/03/10 19:26:57 POST /VA_CSP_TN_Management 1.018594
2017/03/10 22:04:28 POST /VA_CSP_TN_Management 0.037111
2017/03/10 22:06:44 POST /VA_CSP_TN_Management 0.090824
2017/03/10 22:07:15 POST /VA_CSP_TN_Management 0.030275
2017/03/10 22:09:31 POST /VA_CSP_TN_Management 0.124028
2017/03/13 13:47:21 POST /VA_CSP_TN_Management 0.109379
2017/03/13 13:52:44 POST /VA_CSP_TN_Management 0.021485
2017/03/14 20:36:09 POST /newJson 0.009766
2017/03/14 20:36:21 POST /newJson 1.001015
2017/03/14 20:45:07 POST /newJson 1.010781
2017/03/14 20:49:14 POST /newJson?jsonop 0.002930
2017/03/14 20:49:22 POST /newJson 0.000977
2017/03/14 20:49:32 POST /newJson 0.045900
2017/03/14 20:49:38 POST /newJson 1.002968
2017/03/14 20:51:28 POST /newJson?op=jsonop 1.001015
2017/03/14 20:51:34 POST /newJson?op=jsonop 1.001015
2017/03/14 20:51:46 POST /newJson?op=jsonop 0.001953
2017/03/14 21:02:38 POST /newJson?op=jsonop 1.001015
2017/05/24 13:01:39 POST /PolarisService 0.017002
2017/05/24 13:03:07 POST /PolarisService 0.084008
2017/05/24 13:27:01 POST /PolarisService 0.037004
2017/05/24 13:41:22 POST /PolarisService 0.061006
2017/05/24 13:48:27 POST /PolarisService 0.073007
