time="2017-03-10T17:20:52+05:30" level=info msg="starting finding value for tag in request" tag=Envelope.Body.validateSubcriberProfile.validateSubscriberProfileRequest.validateSubscriberProfiles.validateSubscriberProfile.state 
time="2017-03-10T17:20:52+05:30" level=info msg="returning tag value from request" tag=PA 
time="2017-03-10T17:20:52+05:30" level=info msg="starting finding value for tag in request" tag=Envelope.Body.validateSubcriberProfile.validateSubscriberProfileRequest.validateSubscriberProfiles.validateSubscriberProfile.rateCenter 
time="2017-03-10T17:20:52+05:30" level=info msg="returning tag value from request" tag="W CHESTER" 
time="2017-03-10T17:21:42+05:30" level=info msg="starting finding value for tag in request" tag=Envelope.Body.validateSubcriberProfile.validateSubscriberProfileRequest.validateSubscriberProfiles.validateSubscriberProfile.state 
time="2017-03-10T17:21:42+05:30" level=info msg="returning tag value from request" tag=PA 
time="2017-03-10T17:21:42+05:30" level=info msg="starting finding value for tag in request" tag=Envelope.Body.validateSubcriberProfile.validateSubscriberProfileRequest.validateSubscriberProfiles.validateSubscriberProfile.rateCenter 
time="2017-03-10T17:21:42+05:30" level=info msg="returning tag value from request" tag="W CHESTER" 
time="2017-03-10T17:21:46+05:30" level=info msg="starting finding value for tag in request" tag=Envelope.Body.validateSubcriberProfile.validateSubscriberProfileRequest.validateSubscriberProfiles.validateSubscriberProfile.state 
time="2017-03-10T17:21:46+05:30" level=info msg="returning tag value from request" tag=PA 
time="2017-03-10T17:21:46+05:30" level=info msg="starting finding value for tag in request" tag=Envelope.Body.validateSubcriberProfile.validateSubscriberProfileRequest.validateSubscriberProfiles.validateSubscriberProfile.rateCenter 
time="2017-03-10T17:21:46+05:30" level=info msg="returning tag value from request" tag="W CHESTER" 
time="2017-03-10T18:18:11+05:30" level=info msg="starting finding value for tag in request" tag=Envelope.Body.validateSubcriberProfile.validateSubscriberProfileRequest.validateSubscriberProfiles.validateSubscriberProfile.state 
time="2017-03-10T18:18:11+05:30" level=info msg="returning tag value from request" tag=PA 
time="2017-03-10T18:18:11+05:30" level=info msg="starting finding value for tag in request" tag=Envelope.Body.validateSubcriberProfile.validateSubscriberProfileRequest.validateSubscriberProfiles.validateSubscriberProfile.rateCenter 
time="2017-03-10T18:18:11+05:30" level=info msg="returning tag value from request" tag="W CHESTER" 
time="2017-03-10T18:19:36+05:30" level=info msg="starting finding value for tag in request" tag=Envelope.Body.validateSubcriberProfile.validateSubscriberProfileRequest.validateSubscriberProfiles.validateSubscriberProfile.state 
time="2017-03-10T18:19:36+05:30" level=info msg="returning tag value from request" tag=PA 
time="2017-03-10T18:19:36+05:30" level=info msg="starting finding value for tag in request" tag=Envelope.Body.validateSubcriberProfile.validateSubscriberProfileRequest.validateSubscriberProfiles.validateSubscriberProfile.rateCenter 
time="2017-03-10T18:19:36+05:30" level=info msg="returning tag value from request" tag="W CHESTER" 
time="2017-03-10T18:23:14+05:30" level=info msg="starting finding value for tag in request" tag=Envelope.Body.validateSubcriberProfile.validateSubscriberProfileRequest.validateSubscriberProfiles.validateSubscriberProfile.state 
time="2017-03-10T18:23:14+05:30" level=info msg="returning tag value from request" tag=PA 
time="2017-03-10T18:23:14+05:30" level=info msg="starting finding value for tag in request" tag=Envelope.Body.validateSubcriberProfile.validateSubscriberProfileRequest.validateSubscriberProfiles.validateSubscriberProfile.rateCenter 
time="2017-03-10T18:23:14+05:30" level=info msg="returning tag value from request" tag="W CHESTER" 
time="2017-03-10T19:26:56+05:30" level=info msg="starting finding value for tag in request" tag=Envelope.Body.validateSubcriberProfile.validateSubscriberProfileRequest.validateSubscriberProfiles.validateSubscriberProfile.state 
time="2017-03-10T19:26:56+05:30" level=info msg="returning tag value from request" tag=PA 
time="2017-03-10T19:26:56+05:30" level=info msg="starting finding value for tag in request" tag=Envelope.Body.validateSubcriberProfile.validateSubscriberProfileRequest.validateSubscriberProfiles.validateSubscriberProfile.rateCenter 
time="2017-03-10T19:26:56+05:30" level=info msg="returning tag value from request" tag="W CHESTER" 
time="2017-03-10T22:04:28+05:30" level=info msg="starting finding value for tag in request" tag=Envelope.Body.queryStateRcByNpaNxx.queryStateRcbyNpaNxxRequest.serviceLocationRateCenter 
time="2017-03-10T22:04:28+05:30" level=info msg="returning tag value from request" tag="W CHESTER" 
time="2017-03-10T22:04:28+05:30" level=info msg="starting finding value for tag in request" tag=Envelope.Body.queryStateRcByNpaNxx.queryStateRcbyNpaNxxRequest.npanxxDetails.npa 
time="2017-03-10T22:04:28+05:30" level=error msg="tag value not found" tag=Envelope.Body.queryStateRcByNpaNxx.queryStateRcbyNpaNxxRequest.npanxxDetails.npa 
time="2017-03-10T22:04:28+05:30" level=info msg="returning tag value from request" tag=Envelope.Body.queryStateRcByNpaNxx.queryStateRcbyNpaNxxRequest.npanxxDetails.npa 
time="2017-03-10T22:04:28+05:30" level=info msg="starting finding value for tag in request" tag=Envelope.Body.queryStateRcByNpaNxx.queryStateRcbyNpaNxxRequest.npanxxDetails.nxx 
time="2017-03-10T22:04:28+05:30" level=error msg="tag value not found" tag=Envelope.Body.queryStateRcByNpaNxx.queryStateRcbyNpaNxxRequest.npanxxDetails.nxx 
time="2017-03-10T22:04:28+05:30" level=info msg="returning tag value from request" tag=Envelope.Body.queryStateRcByNpaNxx.queryStateRcbyNpaNxxRequest.npanxxDetails.nxx 
time="2017-03-10T22:04:28+05:30" level=info msg="starting finding value for tag in request" tag=Envelope.Body.queryStateRcByNpaNxx.queryStateRcbyNpaNxxRequest.npanxxDetails.L 
time="2017-03-10T22:04:28+05:30" level=error msg="tag value not found" tag=Envelope.Body.queryStateRcByNpaNxx.queryStateRcbyNpaNxxRequest.npanxxDetails.L 
time="2017-03-10T22:04:28+05:30" level=info msg="returning tag value from request" tag=Envelope.Body.queryStateRcByNpaNxx.queryStateRcbyNpaNxxRequest.npanxxDetails.L 
time="2017-03-10T22:04:28+05:30" level=info msg="starting finding value for tag in request" tag=Envelope.Body.queryStateRcByNpaNxx.queryStateRcbyNpaNxxRequest.serviceLocationRateCenter.serviceLocationState 
time="2017-03-10T22:04:28+05:30" level=error msg="tag value not found" tag=Envelope.Body.queryStateRcByNpaNxx.queryStateRcbyNpaNxxRequest.serviceLocationRateCenter.serviceLocationState 
time="2017-03-10T22:04:28+05:30" level=info msg="returning tag value from request" tag=Envelope.Body.queryStateRcByNpaNxx.queryStateRcbyNpaNxxRequest.serviceLocationRateCenter.serviceLocationState 
time="2017-03-10T22:06:44+05:30" level=info msg="starting finding value for tag in request" tag=Envelope.Body.queryStateRcByNpaNxx.queryStateRcbyNpaNxxRequest.serviceLocationRateCenter 
time="2017-03-10T22:06:44+05:30" level=info msg="returning tag value from request" tag="W CHESTER" 
time="2017-03-10T22:06:44+05:30" level=info msg="starting finding value for tag in request" tag=Envelope.Body.queryStateRcByNpaNxx.queryStateRcbyNpaNxxRequest.npanxxDetails.npa 
time="2017-03-10T22:06:44+05:30" level=error msg="tag value not found" tag=Envelope.Body.queryStateRcByNpaNxx.queryStateRcbyNpaNxxRequest.npanxxDetails.npa 
time="2017-03-10T22:06:44+05:30" level=info msg="returning tag value from request" tag=Envelope.Body.queryStateRcByNpaNxx.queryStateRcbyNpaNxxRequest.npanxxDetails.npa 
time="2017-03-10T22:06:44+05:30" level=info msg="starting finding value for tag in request" tag=Envelope.Body.queryStateRcByNpaNxx.queryStateRcbyNpaNxxRequest.npanxxDetails.nxx 
time="2017-03-10T22:06:44+05:30" level=error msg="tag value not found" tag=Envelope.Body.queryStateRcByNpaNxx.queryStateRcbyNpaNxxRequest.npanxxDetails.nxx 
time="2017-03-10T22:06:44+05:30" level=info msg="returning tag value from request" tag=Envelope.Body.queryStateRcByNpaNxx.queryStateRcbyNpaNxxRequest.npanxxDetails.nxx 
time="2017-03-10T22:06:44+05:30" level=info msg="starting finding value for tag in request" tag=Envelope.Body.queryStateRcByNpaNxx.queryStateRcbyNpaNxxRequest.npanxxDetails.L 
time="2017-03-10T22:06:44+05:30" level=error msg="tag value not found" tag=Envelope.Body.queryStateRcByNpaNxx.queryStateRcbyNpaNxxRequest.npanxxDetails.L 
time="2017-03-10T22:06:44+05:30" level=info msg="returning tag value from request" tag=Envelope.Body.queryStateRcByNpaNxx.queryStateRcbyNpaNxxRequest.npanxxDetails.L 
time="2017-03-10T22:06:44+05:30" level=info msg="starting finding value for tag in request" tag=Envelope.Body.queryStateRcByNpaNxx.queryStateRcbyNpaNxxRequest.serviceLocationRateCenter.serviceLocationState 
time="2017-03-10T22:06:44+05:30" level=error msg="tag value not found" tag=Envelope.Body.queryStateRcByNpaNxx.queryStateRcbyNpaNxxRequest.serviceLocationRateCenter.serviceLocationState 
time="2017-03-10T22:06:44+05:30" level=info msg="returning tag value from request" tag=Envelope.Body.queryStateRcByNpaNxx.queryStateRcbyNpaNxxRequest.serviceLocationRateCenter.serviceLocationState 
time="2017-03-10T22:07:15+05:30" level=info msg="starting finding value for tag in request" tag=Envelope.Body.queryStateRcByNpaNxx.queryStateRcbyNpaNxxRequest.serviceLocationRateCenter 
time="2017-03-10T22:07:15+05:30" level=info msg="returning tag value from request" tag="W CHESTER" 
time="2017-03-10T22:07:15+05:30" level=info msg="starting finding value for tag in request" tag=Envelope.Body.queryStateRcByNpaNxx.queryStateRcbyNpaNxxRequest.npanxxDetails.npa 
time="2017-03-10T22:07:15+05:30" level=error msg="tag value not found" tag=Envelope.Body.queryStateRcByNpaNxx.queryStateRcbyNpaNxxRequest.npanxxDetails.npa 
time="2017-03-10T22:07:15+05:30" level=info msg="returning tag value from request" tag=Envelope.Body.queryStateRcByNpaNxx.queryStateRcbyNpaNxxRequest.npanxxDetails.npa 
time="2017-03-10T22:07:15+05:30" level=info msg="starting finding value for tag in request" tag=Envelope.Body.queryStateRcByNpaNxx.queryStateRcbyNpaNxxRequest.npanxxDetails.nxx 
time="2017-03-10T22:07:15+05:30" level=error msg="tag value not found" tag=Envelope.Body.queryStateRcByNpaNxx.queryStateRcbyNpaNxxRequest.npanxxDetails.nxx 
time="2017-03-10T22:07:15+05:30" level=info msg="returning tag value from request" tag=Envelope.Body.queryStateRcByNpaNxx.queryStateRcbyNpaNxxRequest.npanxxDetails.nxx 
time="2017-03-10T22:07:15+05:30" level=info msg="starting finding value for tag in request" tag=Envelope.Body.queryStateRcByNpaNxx.queryStateRcbyNpaNxxRequest.npanxxDetails.L 
time="2017-03-10T22:07:15+05:30" level=error msg="tag value not found" tag=Envelope.Body.queryStateRcByNpaNxx.queryStateRcbyNpaNxxRequest.npanxxDetails.L 
time="2017-03-10T22:07:15+05:30" level=info msg="returning tag value from request" tag=Envelope.Body.queryStateRcByNpaNxx.queryStateRcbyNpaNxxRequest.npanxxDetails.L 
time="2017-03-10T22:07:15+05:30" level=info msg="starting finding value for tag in request" tag=Envelope.Body.queryStateRcByNpaNxx.queryStateRcbyNpaNxxRequest.serviceLocationRateCenter.serviceLocationState 
time="2017-03-10T22:07:15+05:30" level=error msg="tag value not found" tag=Envelope.Body.queryStateRcByNpaNxx.queryStateRcbyNpaNxxRequest.serviceLocationRateCenter.serviceLocationState 
time="2017-03-10T22:07:15+05:30" level=info msg="returning tag value from request" tag=Envelope.Body.queryStateRcByNpaNxx.queryStateRcbyNpaNxxRequest.serviceLocationRateCenter.serviceLocationState 
time="2017-03-10T22:09:31+05:30" level=info msg="starting finding value for tag in request" tag=Envelope.Body.queryStateRcByNpaNxx.queryStateRcbyNpaNxxRequest.serviceLocationRateCenter 
time="2017-03-10T22:09:31+05:30" level=info msg="returning tag value from request" tag="W CHESTER" 
time="2017-03-10T22:09:31+05:30" level=info msg="starting finding value for tag in request" tag=Envelope.Body.queryStateRcByNpaNxx.queryStateRcbyNpaNxxRequest.npanxxDetails.npa 
time="2017-03-10T22:09:31+05:30" level=error msg="tag value not found" tag=Envelope.Body.queryStateRcByNpaNxx.queryStateRcbyNpaNxxRequest.npanxxDetails.npa 
time="2017-03-10T22:09:31+05:30" level=info msg="returning tag value from request" tag=Envelope.Body.queryStateRcByNpaNxx.queryStateRcbyNpaNxxRequest.npanxxDetails.npa 
time="2017-03-10T22:09:31+05:30" level=info msg="starting finding value for tag in request" tag=Envelope.Body.queryStateRcByNpaNxx.queryStateRcbyNpaNxxRequest.npanxxDetails.nxx 
time="2017-03-10T22:09:31+05:30" level=error msg="tag value not found" tag=Envelope.Body.queryStateRcByNpaNxx.queryStateRcbyNpaNxxRequest.npanxxDetails.nxx 
time="2017-03-10T22:09:31+05:30" level=info msg="returning tag value from request" tag=Envelope.Body.queryStateRcByNpaNxx.queryStateRcbyNpaNxxRequest.npanxxDetails.nxx 
time="2017-03-10T22:09:31+05:30" level=info msg="starting finding value for tag in request" tag=Envelope.Body.queryStateRcByNpaNxx.queryStateRcbyNpaNxxRequest.npanxxDetails.L 
time="2017-03-10T22:09:31+05:30" level=error msg="tag value not found" tag=Envelope.Body.queryStateRcByNpaNxx.queryStateRcbyNpaNxxRequest.npanxxDetails.L 
time="2017-03-10T22:09:31+05:30" level=info msg="returning tag value from request" tag=Envelope.Body.queryStateRcByNpaNxx.queryStateRcbyNpaNxxRequest.npanxxDetails.L 
time="2017-03-10T22:09:31+05:30" level=info msg="starting finding value for tag in request" tag=Envelope.Body.queryStateRcByNpaNxx.queryStateRcbyNpaNxxRequest.serviceLocationState 
time="2017-03-10T22:09:31+05:30" level=info msg="returning tag value from request" tag=PA 
time="2017-03-13T13:47:21+05:30" level=info msg="starting finding value for tag in request" tag=Envelope.Body.queryStateRcByNpaNxx.queryStateRcbyNpaNxxRequest.serviceLocationRateCenter 
time="2017-03-13T13:47:21+05:30" level=info msg="returning tag value from request" tag="W CHESTER" 
time="2017-03-13T13:47:21+05:30" level=info msg="starting finding value for tag in request" tag=Envelope.Body.queryStateRcByNpaNxx.queryStateRcbyNpaNxxRequest.npanxxDetails.npa 
time="2017-03-13T13:47:21+05:30" level=error msg="tag value not found" tag=Envelope.Body.queryStateRcByNpaNxx.queryStateRcbyNpaNxxRequest.npanxxDetails.npa 
time="2017-03-13T13:47:21+05:30" level=info msg="returning tag value from request" tag=Envelope.Body.queryStateRcByNpaNxx.queryStateRcbyNpaNxxRequest.npanxxDetails.npa 
time="2017-03-13T13:47:21+05:30" level=info msg="starting finding value for tag in request" tag=Envelope.Body.queryStateRcByNpaNxx.queryStateRcbyNpaNxxRequest.npanxxDetails.nxx 
time="2017-03-13T13:47:21+05:30" level=error msg="tag value not found" tag=Envelope.Body.queryStateRcByNpaNxx.queryStateRcbyNpaNxxRequest.npanxxDetails.nxx 
time="2017-03-13T13:47:21+05:30" level=info msg="returning tag value from request" tag=Envelope.Body.queryStateRcByNpaNxx.queryStateRcbyNpaNxxRequest.npanxxDetails.nxx 
time="2017-03-13T13:47:21+05:30" level=info msg="starting finding value for tag in request" tag=Envelope.Body.queryStateRcByNpaNxx.queryStateRcbyNpaNxxRequest.npanxxDetails.L 
time="2017-03-13T13:47:21+05:30" level=error msg="tag value not found" tag=Envelope.Body.queryStateRcByNpaNxx.queryStateRcbyNpaNxxRequest.npanxxDetails.L 
time="2017-03-13T13:47:21+05:30" level=info msg="returning tag value from request" tag=Envelope.Body.queryStateRcByNpaNxx.queryStateRcbyNpaNxxRequest.npanxxDetails.L 
time="2017-03-13T13:47:21+05:30" level=info msg="starting finding value for tag in request" tag=Envelope.Body.queryStateRcByNpaNxx.queryStateRcbyNpaNxxRequest.serviceLocationState 
time="2017-03-13T13:47:21+05:30" level=info msg="returning tag value from request" tag=PA 
time="2017-03-13T13:52:44+05:30" level=info msg="starting finding value for tag in request" tag=Envelope.Body.queryStateRcByNpaNxx.queryStateRcbyNpaNxxRequest.serviceLocationRateCenter 
time="2017-03-13T13:52:44+05:30" level=info msg="returning tag value from request" tag="W CHESTER" 
time="2017-03-13T13:52:44+05:30" level=info msg="starting finding value for tag in request" tag=Envelope.Body.queryStateRcByNpaNxx.queryStateRcbyNpaNxxRequest.npanxxDetails.nPANXXDetail.npa 
time="2017-03-13T13:52:44+05:30" level=info msg="returning tag value from request" tag=717 
time="2017-03-13T13:52:44+05:30" level=info msg="starting finding value for tag in request" tag=Envelope.Body.queryStateRcByNpaNxx.queryStateRcbyNpaNxxRequest.npanxxDetails.nPANXXDetail.nxx 
time="2017-03-13T13:52:44+05:30" level=info msg="returning tag value from request" tag=388 
time="2017-03-13T13:52:44+05:30" level=info msg="starting finding value for tag in request" tag=Envelope.Body.queryStateRcByNpaNxx.queryStateRcbyNpaNxxRequest.npanxxDetails.nPANXXDetail.L 
time="2017-03-13T13:52:44+05:30" level=info msg="returning tag value from request" tag=5 
time="2017-03-13T13:52:44+05:30" level=info msg="starting finding value for tag in request" tag=Envelope.Body.queryStateRcByNpaNxx.queryStateRcbyNpaNxxRequest.serviceLocationState 
time="2017-03-13T13:52:44+05:30" level=info msg="returning tag value from request" tag=PA 
