2017/05/24 13:27:01 Requested recieved at 2017-05-24 13:27:01.0817236 -0400 EDT
URL: /PolarisService 
Headers: [Accept:[*/*] Accept-Encoding:[gzip, deflate, br] Accept-Language:[en-US,en;q=0.8] Postman-Token:[12ad7742-c08d-4b88-0fe5-f1f402326287] Cache-Control:[no-cache] Origin:[chrome-extension://fhbjgbiflinjbdggehcddcbncdddomop] Content-Type:[text/xml] Connection:[keep-alive] Content-Length:[6629] User-Agent:[Mozilla/5.0 (Windows NT 6.1; Win64; x64) AppleWebKit/537.36 (KHTML, like Gecko) Chrome/58.0.3029.110 Safari/537.36]]
Body: <?xml version="1.0" encoding="UTF-8"?>
<soapenv:Envelope xmlns:soapenv="http://schemas.xmlsoap.org/soap/envelope/" xmlns:xsd="http://www.w3.org/2001/XMLSchema" xmlns:xsi="http://www.w3.org/2001/XMLSchema-instance">
 <soapenv:Header>
  <wsse:Security xmlns:wsse="http://docs.oasis-open.org/wss/2004/01/oasis-200401-wss-wssecurity-secext-1.0.xsd" soapenv:actor="" soapenv:mustUnderstand="1">
   <wsse:UsernameToken>
    <wsse:Username>cpquser2</wsse:Username>
    <wsse:Password Type="http://docs.oasis-open.org/wss/2004/01/oasis-200401-wss-username-token-profile-1.0#PasswordText">cpquser123</wsse:Password>
   </wsse:UsernameToken>
  </wsse:Security>
  <ns1:requestHeader xmlns:ns1="http://xml.comcast.com/types" soapenv:actor="http://schemas.xmlsoap.org/soap/actor/next" soapenv:mustUnderstand="0">
   <ns1:timestamp>2016-11-07T12:54:45.333Z</ns1:timestamp>
   <ns1:sourceSystemId>Workbench</ns1:sourceSystemId>
   <ns1:sourceSystemUserId>sa</ns1:sourceSystemUserId>
   <ns1:sourceServerId>Workbench</ns1:sourceServerId>
   <ns1:trackingId>V0I6OTAzNTI1MTQ3</ns1:trackingId>
  </ns1:requestHeader>
 </soapenv:Header>
 <soapenv:Body>
 <MultipleOutputs xmlns="http://xml.comcast.com/survey/services">
   <surveyRequest>
    <ns2:address xmlns:ns2="http://xml.comcast.com/survey/types">
     <ns3:streetAddress xmlns:ns3="http://xml.comcast.com/common/types">13203 FRY RD</ns3:streetAddress>
     <ns4:streetAddress2 xmlns:ns4="http://xml.comcast.com/common/types">APT jfhdfg</ns4:streetAddress2>
     <ns5:zipCode xmlns:ns5="http://xml.comcast.com/common/types">77433</ns5:zipCode>
     <ns6:city xmlns:ns6="http://xml.comcast.com/common/types">CYPRESS</ns6:city>
     <ns7:state xmlns:ns7="http://xml.comcast.com/common/types">TX</ns7:state>
     <ns8:country xmlns:ns8="http://xml.comcast.com/common/types">US</ns8:country>
     <ns9:market xmlns:ns9="http://xml.comcast.com/commercial/types">HOUSTON</ns9:market>
     <ns10:region xmlns:ns10="http://xml.comcast.com/commercial/types">HOUSTON</ns10:region>
     <ns11:addressId xmlns:ns11="http://xml.comcast.com/commercial/types">1075299525</ns11:addressId>
    </ns2:address>
    <ns12:opportunityDetails xmlns:ns12="http://xml.comcast.com/survey/types">
     <ns13:opportunityId xmlns:ns13="http://xml.comcast.com/commercial/types">15027999</ns13:opportunityId>
     <ns14:associatedSiteReferences xmlns:ns14="http://xml.comcast.com/commercial/types">
      <ns14:string/>
     </ns14:associatedSiteReferences>
     <ns15:isParentOpportunity xmlns:ns15="http://xml.comcast.com/commercial/types">true</ns15:isParentOpportunity>
    </ns12:opportunityDetails>
    <ns16:transportType xmlns:ns16="http://xml.comcast.com/survey/types">COAX</ns16:transportType>
    <ns17:surveyType xmlns:ns17="http://xml.comcast.com/survey/types">Site Survey</ns17:surveyType>
    <ns18:surveyRequestType xmlns:ns18="http://xml.comcast.com/survey/types">Pre-Order</ns18:surveyRequestType>
    <ns19:surveyEntireBuilding xmlns:ns19="http://xml.comcast.com/survey/types">false</ns19:surveyEntireBuilding>
    <ns20:accountId xmlns:ns20="http://xml.comcast.com/survey/types">901076555</ns20:accountId>
    <ns21:accountName xmlns:ns21="http://xml.comcast.com/survey/types">Anjjbgbgh</ns21:accountName>
    <ns22:personContacts xmlns:ns22="http://xml.comcast.com/survey/types">
     <ns22:personContact>
      <ns23:contactId xmlns:ns23="http://xml.comcast.com/commercial/types">1075022397</ns23:contactId>
      <ns24:name xmlns:ns24="http://xml.comcast.com/commercial/types">
       <ns25:firstName xmlns:ns25="http://xml.comcast.com/common/types">Adfdfgfg</ns25:firstName>
       <ns26:lastName xmlns:ns26="http://xml.comcast.com/common/types">Ddffgf</ns26:lastName>
       <ns27:displayName xmlns:ns27="http://xml.comcast.com/common/types">Adfdfgfg Ddffgf</ns27:displayName>
      </ns24:name>
      <ns28:email xmlns:ns28="http://xml.comcast.com/commercial/types">Arpan_mandal@comcast.com</ns28:email>
      <ns29:phone xmlns:ns29="http://xml.comcast.com/commercial/types">
       <ns29:commercialTelephoneNumber>
        <ns30:phoneNumber xmlns:ns30="http://xml.comcast.com/common/types">8888888888</ns30:phoneNumber>
        <ns31:extension xmlns:ns31="http://xml.comcast.com/common/types">88888</ns31:extension>
       </ns29:commercialTelephoneNumber>
      </ns29:phone>
     </ns22:personContact>
    </ns22:personContacts>
    <ns32:productCategory xmlns:ns32="http://xml.comcast.com/survey/types">
     <ns32:productCategory>DATA</ns32:productCategory>
    </ns32:productCategory>
    <ns33:isRequestorConfirmationRequired xmlns:ns33="http://xml.comcast.com/survey/types">true</ns33:isRequestorConfirmationRequired>
    <ns34:productReference xmlns:ns34="http://xml.comcast.com/survey/types">
     <ns34:productReference xsi:type="ns34:DataProduct">
      <ns34:vertical>Standard</ns34:vertical>
      <ns34:productType>BI</ns34:productType>
     </ns34:productReference>
    </ns34:productReference>
    <ns35:correlationId xmlns:ns35="http://xml.comcast.com/survey/types">123456789</ns35:correlationId>
    <ns36:site xmlns:ns36="http://xml.comcast.com/survey/types">
     <ns37:siteId xmlns:ns37="http://xml.comcast.com/commercial/types">10265372</ns37:siteId>
     <ns38:siteName xmlns:ns38="http://xml.comcast.com/commercial/types">AKhjfgffg</ns38:siteName>
     <ns39:siteType xmlns:ns39="http://xml.comcast.com/commercial/types">RESI_MULTI_TENANT</ns39:siteType>
     <ns40:associatedAddressReferences xmlns:ns40="http://xml.comcast.com/commercial/types">1075299525</ns40:associatedAddressReferences>
     <ns41:associatedContactRoleReferences xmlns:ns41="http://xml.comcast.com/commercial/types">
      <ns41:commercialContactRole>
       <ns41:contactId>1075022397</ns41:contactId>
       <ns41:role/>
      </ns41:commercialContactRole>
     </ns41:associatedContactRoleReferences>
     <ns42:siteDetails xmlns:ns42="http://xml.comcast.com/commercial/types">
      <ns42:corpDetail>
       <ns42:corpId>87777000-HOUSTON</ns42:corpId>
      </ns42:corpDetail>
     </ns42:siteDetails>
    </ns36:site>
    <ns43:salesChannel xmlns:ns43="http://xml.comcast.com/survey/types">Workbench</ns43:salesChannel>
    <ns44:surveyAttribute xmlns:ns44="http://xml.comcast.com/survey/types">
     <ns45:key xmlns:ns45="http://xml.comcast.com/commercial/types">ADDITIONAL_USER_ROLE</ns45:key>
     <ns46:value xmlns:ns46="http://xml.comcast.com/commercial/types">POLARIS_USER</ns46:value>
    </ns44:surveyAttribute>
   </surveyRequest>
  </MultipleOutputs>
 </soapenv:Body>
</soapenv:Envelope>
Served By Operation: MultipleOutputs

2017/05/24 13:27:01 Response sent at 2017-05-24 13:27:01.1167271 -0400 EDT
Headers: [Content-Type:[text/xml]]
Body: <soapenv:Envelope xmlns:soapenv="http://schemas.xmlsoap.org/soap/envelope/">
 						<soapenv:Header>
  							<typ:responseHeader xmlns:typ="http://xml.comcast.com/types">
   								<typ:timestamp>2017-05-24-13:27:01-00</typ:timestamp>
   								<typ:trackingId>101</typ:trackingId>
  							</typ:responseHeader>
 						</soapenv:Header>
 						<soapenv:Body>
 							<randomNo>990</randomNo>
							<time>2017-05-24-13:27:01-00</time>
							<tomorrow>2017-05-25-13:27:01-00</tomorrow>
							<guid>5925c265-cc5b-7683-3b7c-1d89-c36859ed</guid>
							<capturedFromInput>15027999</capturedFromInput>
							<shuffled>DBACE</shuffled>
							<insert>Success</insert>
							<fetch>CR362310003</fetch>
  							<m:assignItemResponse xmlns:m="http://xml.comcast.com/inventory/services"/>
 						</soapenv:Body>
					</soapenv:Envelope>

2017/05/24 13:41:22 Requested recieved at 2017-05-24 13:41:22.7558824 -0400 EDT
URL: /PolarisService 
Headers: [User-Agent:[Mozilla/5.0 (Windows NT 6.1; Win64; x64) AppleWebKit/537.36 (KHTML, like Gecko) Chrome/58.0.3029.110 Safari/537.36] Content-Type:[text/xml] Content-Length:[6629] Connection:[keep-alive] Postman-Token:[db01c460-3f1a-ba4f-fc9e-85384459b41a] Cache-Control:[no-cache] Origin:[chrome-extension://fhbjgbiflinjbdggehcddcbncdddomop] Accept:[*/*] Accept-Encoding:[gzip, deflate, br] Accept-Language:[en-US,en;q=0.8]]
Body: <?xml version="1.0" encoding="UTF-8"?>
<soapenv:Envelope xmlns:soapenv="http://schemas.xmlsoap.org/soap/envelope/" xmlns:xsd="http://www.w3.org/2001/XMLSchema" xmlns:xsi="http://www.w3.org/2001/XMLSchema-instance">
 <soapenv:Header>
  <wsse:Security xmlns:wsse="http://docs.oasis-open.org/wss/2004/01/oasis-200401-wss-wssecurity-secext-1.0.xsd" soapenv:actor="" soapenv:mustUnderstand="1">
   <wsse:UsernameToken>
    <wsse:Username>cpquser2</wsse:Username>
    <wsse:Password Type="http://docs.oasis-open.org/wss/2004/01/oasis-200401-wss-username-token-profile-1.0#PasswordText">cpquser123</wsse:Password>
   </wsse:UsernameToken>
  </wsse:Security>
  <ns1:requestHeader xmlns:ns1="http://xml.comcast.com/types" soapenv:actor="http://schemas.xmlsoap.org/soap/actor/next" soapenv:mustUnderstand="0">
   <ns1:timestamp>2016-11-07T12:54:45.333Z</ns1:timestamp>
   <ns1:sourceSystemId>Workbench</ns1:sourceSystemId>
   <ns1:sourceSystemUserId>sa</ns1:sourceSystemUserId>
   <ns1:sourceServerId>Workbench</ns1:sourceServerId>
   <ns1:trackingId>V0I6OTAzNTI1MTQ3</ns1:trackingId>
  </ns1:requestHeader>
 </soapenv:Header>
 <soapenv:Body>
 <MultipleOutputs xmlns="http://xml.comcast.com/survey/services">
   <surveyRequest>
    <ns2:address xmlns:ns2="http://xml.comcast.com/survey/types">
     <ns3:streetAddress xmlns:ns3="http://xml.comcast.com/common/types">13203 FRY RD</ns3:streetAddress>
     <ns4:streetAddress2 xmlns:ns4="http://xml.comcast.com/common/types">APT jfhdfg</ns4:streetAddress2>
     <ns5:zipCode xmlns:ns5="http://xml.comcast.com/common/types">77433</ns5:zipCode>
     <ns6:city xmlns:ns6="http://xml.comcast.com/common/types">CYPRESS</ns6:city>
     <ns7:state xmlns:ns7="http://xml.comcast.com/common/types">TX</ns7:state>
     <ns8:country xmlns:ns8="http://xml.comcast.com/common/types">US</ns8:country>
     <ns9:market xmlns:ns9="http://xml.comcast.com/commercial/types">HOUSTON</ns9:market>
     <ns10:region xmlns:ns10="http://xml.comcast.com/commercial/types">HOUSTON</ns10:region>
     <ns11:addressId xmlns:ns11="http://xml.comcast.com/commercial/types">1075299525</ns11:addressId>
    </ns2:address>
    <ns12:opportunityDetails xmlns:ns12="http://xml.comcast.com/survey/types">
     <ns13:opportunityId xmlns:ns13="http://xml.comcast.com/commercial/types">15027999</ns13:opportunityId>
     <ns14:associatedSiteReferences xmlns:ns14="http://xml.comcast.com/commercial/types">
      <ns14:string/>
     </ns14:associatedSiteReferences>
     <ns15:isParentOpportunity xmlns:ns15="http://xml.comcast.com/commercial/types">true</ns15:isParentOpportunity>
    </ns12:opportunityDetails>
    <ns16:transportType xmlns:ns16="http://xml.comcast.com/survey/types">COAX</ns16:transportType>
    <ns17:surveyType xmlns:ns17="http://xml.comcast.com/survey/types">Site Survey</ns17:surveyType>
    <ns18:surveyRequestType xmlns:ns18="http://xml.comcast.com/survey/types">Pre-Order</ns18:surveyRequestType>
    <ns19:surveyEntireBuilding xmlns:ns19="http://xml.comcast.com/survey/types">false</ns19:surveyEntireBuilding>
    <ns20:accountId xmlns:ns20="http://xml.comcast.com/survey/types">901076555</ns20:accountId>
    <ns21:accountName xmlns:ns21="http://xml.comcast.com/survey/types">Anjjbgbgh</ns21:accountName>
    <ns22:personContacts xmlns:ns22="http://xml.comcast.com/survey/types">
     <ns22:personContact>
      <ns23:contactId xmlns:ns23="http://xml.comcast.com/commercial/types">1075022397</ns23:contactId>
      <ns24:name xmlns:ns24="http://xml.comcast.com/commercial/types">
       <ns25:firstName xmlns:ns25="http://xml.comcast.com/common/types">Adfdfgfg</ns25:firstName>
       <ns26:lastName xmlns:ns26="http://xml.comcast.com/common/types">Ddffgf</ns26:lastName>
       <ns27:displayName xmlns:ns27="http://xml.comcast.com/common/types">Adfdfgfg Ddffgf</ns27:displayName>
      </ns24:name>
      <ns28:email xmlns:ns28="http://xml.comcast.com/commercial/types">Arpan_mandal@comcast.com</ns28:email>
      <ns29:phone xmlns:ns29="http://xml.comcast.com/commercial/types">
       <ns29:commercialTelephoneNumber>
        <ns30:phoneNumber xmlns:ns30="http://xml.comcast.com/common/types">8888888888</ns30:phoneNumber>
        <ns31:extension xmlns:ns31="http://xml.comcast.com/common/types">88888</ns31:extension>
       </ns29:commercialTelephoneNumber>
      </ns29:phone>
     </ns22:personContact>
    </ns22:personContacts>
    <ns32:productCategory xmlns:ns32="http://xml.comcast.com/survey/types">
     <ns32:productCategory>DATA</ns32:productCategory>
    </ns32:productCategory>
    <ns33:isRequestorConfirmationRequired xmlns:ns33="http://xml.comcast.com/survey/types">true</ns33:isRequestorConfirmationRequired>
    <ns34:productReference xmlns:ns34="http://xml.comcast.com/survey/types">
     <ns34:productReference xsi:type="ns34:DataProduct">
      <ns34:vertical>Standard</ns34:vertical>
      <ns34:productType>BI</ns34:productType>
     </ns34:productReference>
    </ns34:productReference>
    <ns35:correlationId xmlns:ns35="http://xml.comcast.com/survey/types">123456789</ns35:correlationId>
    <ns36:site xmlns:ns36="http://xml.comcast.com/survey/types">
     <ns37:siteId xmlns:ns37="http://xml.comcast.com/commercial/types">10265372</ns37:siteId>
     <ns38:siteName xmlns:ns38="http://xml.comcast.com/commercial/types">AKhjfgffg</ns38:siteName>
     <ns39:siteType xmlns:ns39="http://xml.comcast.com/commercial/types">RESI_MULTI_TENANT</ns39:siteType>
     <ns40:associatedAddressReferences xmlns:ns40="http://xml.comcast.com/commercial/types">1075299525</ns40:associatedAddressReferences>
     <ns41:associatedContactRoleReferences xmlns:ns41="http://xml.comcast.com/commercial/types">
      <ns41:commercialContactRole>
       <ns41:contactId>1075022397</ns41:contactId>
       <ns41:role/>
      </ns41:commercialContactRole>
     </ns41:associatedContactRoleReferences>
     <ns42:siteDetails xmlns:ns42="http://xml.comcast.com/commercial/types">
      <ns42:corpDetail>
       <ns42:corpId>87777000-HOUSTON</ns42:corpId>
      </ns42:corpDetail>
     </ns42:siteDetails>
    </ns36:site>
    <ns43:salesChannel xmlns:ns43="http://xml.comcast.com/survey/types">Workbench</ns43:salesChannel>
    <ns44:surveyAttribute xmlns:ns44="http://xml.comcast.com/survey/types">
     <ns45:key xmlns:ns45="http://xml.comcast.com/commercial/types">ADDITIONAL_USER_ROLE</ns45:key>
     <ns46:value xmlns:ns46="http://xml.comcast.com/commercial/types">POLARIS_USER</ns46:value>
    </ns44:surveyAttribute>
   </surveyRequest>
  </MultipleOutputs>
 </soapenv:Body>
</soapenv:Envelope>
Served By Operation: MultipleOutputs

2017/05/24 13:41:22 Response sent at 2017-05-24 13:41:22.8148883 -0400 EDT
Headers: [Content-Type:[text/xml]]
Body: <soapenv:Envelope xmlns:soapenv="http://schemas.xmlsoap.org/soap/envelope/">
 						<soapenv:Header>
  							<typ:responseHeader xmlns:typ="http://xml.comcast.com/types">
   								<typ:timestamp>2017-05-24-13:41:22-00</typ:timestamp>
   								<typ:trackingId>101</typ:trackingId>
  							</typ:responseHeader>
 						</soapenv:Header>
 						<soapenv:Body>
 							<randomNo>690</randomNo>
							<time>2017-05-24-13:41:22-00</time>
							<tomorrow>2017-05-25-13:41:22-00</tomorrow>
							<guid>5925c5c2-261e-5113-6e8c-c69c-8473bcd8</guid>
							<capturedFromInput>15027999</capturedFromInput>
							<shuffled>CABED</shuffled>
							<insert>Success</insert>
							<fetch>CR362310003</fetch>
  							<m:assignItemResponse xmlns:m="http://xml.comcast.com/inventory/services"/>
 						</soapenv:Body>
					</soapenv:Envelope>

2017/05/24 13:48:27 Requested recieved at 2017-05-24 13:48:27.7323758 -0400 EDT
URL: /PolarisService 
Headers: [Content-Length:[6629] Postman-Token:[55395741-8a1c-b43f-99ac-0eb9fc122ed7] Cache-Control:[no-cache] Origin:[chrome-extension://fhbjgbiflinjbdggehcddcbncdddomop] User-Agent:[Mozilla/5.0 (Windows NT 6.1; Win64; x64) AppleWebKit/537.36 (KHTML, like Gecko) Chrome/58.0.3029.110 Safari/537.36] Content-Type:[text/xml] Accept-Encoding:[gzip, deflate, br] Accept:[*/*] Accept-Language:[en-US,en;q=0.8] Connection:[keep-alive]]
Body: <?xml version="1.0" encoding="UTF-8"?>
<soapenv:Envelope xmlns:soapenv="http://schemas.xmlsoap.org/soap/envelope/" xmlns:xsd="http://www.w3.org/2001/XMLSchema" xmlns:xsi="http://www.w3.org/2001/XMLSchema-instance">
 <soapenv:Header>
  <wsse:Security xmlns:wsse="http://docs.oasis-open.org/wss/2004/01/oasis-200401-wss-wssecurity-secext-1.0.xsd" soapenv:actor="" soapenv:mustUnderstand="1">
   <wsse:UsernameToken>
    <wsse:Username>cpquser2</wsse:Username>
    <wsse:Password Type="http://docs.oasis-open.org/wss/2004/01/oasis-200401-wss-username-token-profile-1.0#PasswordText">cpquser123</wsse:Password>
   </wsse:UsernameToken>
  </wsse:Security>
  <ns1:requestHeader xmlns:ns1="http://xml.comcast.com/types" soapenv:actor="http://schemas.xmlsoap.org/soap/actor/next" soapenv:mustUnderstand="0">
   <ns1:timestamp>2016-11-07T12:54:45.333Z</ns1:timestamp>
   <ns1:sourceSystemId>Workbench</ns1:sourceSystemId>
   <ns1:sourceSystemUserId>sa</ns1:sourceSystemUserId>
   <ns1:sourceServerId>Workbench</ns1:sourceServerId>
   <ns1:trackingId>V0I6OTAzNTI1MTQ3</ns1:trackingId>
  </ns1:requestHeader>
 </soapenv:Header>
 <soapenv:Body>
 <MultipleOutputs xmlns="http://xml.comcast.com/survey/services">
   <surveyRequest>
    <ns2:address xmlns:ns2="http://xml.comcast.com/survey/types">
     <ns3:streetAddress xmlns:ns3="http://xml.comcast.com/common/types">13203 FRY RD</ns3:streetAddress>
     <ns4:streetAddress2 xmlns:ns4="http://xml.comcast.com/common/types">APT jfhdfg</ns4:streetAddress2>
     <ns5:zipCode xmlns:ns5="http://xml.comcast.com/common/types">77433</ns5:zipCode>
     <ns6:city xmlns:ns6="http://xml.comcast.com/common/types">CYPRESS</ns6:city>
     <ns7:state xmlns:ns7="http://xml.comcast.com/common/types">TX</ns7:state>
     <ns8:country xmlns:ns8="http://xml.comcast.com/common/types">US</ns8:country>
     <ns9:market xmlns:ns9="http://xml.comcast.com/commercial/types">HOUSTON</ns9:market>
     <ns10:region xmlns:ns10="http://xml.comcast.com/commercial/types">HOUSTON</ns10:region>
     <ns11:addressId xmlns:ns11="http://xml.comcast.com/commercial/types">1075299525</ns11:addressId>
    </ns2:address>
    <ns12:opportunityDetails xmlns:ns12="http://xml.comcast.com/survey/types">
     <ns13:opportunityId xmlns:ns13="http://xml.comcast.com/commercial/types">15027999</ns13:opportunityId>
     <ns14:associatedSiteReferences xmlns:ns14="http://xml.comcast.com/commercial/types">
      <ns14:string/>
     </ns14:associatedSiteReferences>
     <ns15:isParentOpportunity xmlns:ns15="http://xml.comcast.com/commercial/types">true</ns15:isParentOpportunity>
    </ns12:opportunityDetails>
    <ns16:transportType xmlns:ns16="http://xml.comcast.com/survey/types">COAX</ns16:transportType>
    <ns17:surveyType xmlns:ns17="http://xml.comcast.com/survey/types">Site Survey</ns17:surveyType>
    <ns18:surveyRequestType xmlns:ns18="http://xml.comcast.com/survey/types">Pre-Order</ns18:surveyRequestType>
    <ns19:surveyEntireBuilding xmlns:ns19="http://xml.comcast.com/survey/types">false</ns19:surveyEntireBuilding>
    <ns20:accountId xmlns:ns20="http://xml.comcast.com/survey/types">901076555</ns20:accountId>
    <ns21:accountName xmlns:ns21="http://xml.comcast.com/survey/types">Anjjbgbgh</ns21:accountName>
    <ns22:personContacts xmlns:ns22="http://xml.comcast.com/survey/types">
     <ns22:personContact>
      <ns23:contactId xmlns:ns23="http://xml.comcast.com/commercial/types">1075022397</ns23:contactId>
      <ns24:name xmlns:ns24="http://xml.comcast.com/commercial/types">
       <ns25:firstName xmlns:ns25="http://xml.comcast.com/common/types">Adfdfgfg</ns25:firstName>
       <ns26:lastName xmlns:ns26="http://xml.comcast.com/common/types">Ddffgf</ns26:lastName>
       <ns27:displayName xmlns:ns27="http://xml.comcast.com/common/types">Adfdfgfg Ddffgf</ns27:displayName>
      </ns24:name>
      <ns28:email xmlns:ns28="http://xml.comcast.com/commercial/types">Arpan_mandal@comcast.com</ns28:email>
      <ns29:phone xmlns:ns29="http://xml.comcast.com/commercial/types">
       <ns29:commercialTelephoneNumber>
        <ns30:phoneNumber xmlns:ns30="http://xml.comcast.com/common/types">8888888888</ns30:phoneNumber>
        <ns31:extension xmlns:ns31="http://xml.comcast.com/common/types">88888</ns31:extension>
       </ns29:commercialTelephoneNumber>
      </ns29:phone>
     </ns22:personContact>
    </ns22:personContacts>
    <ns32:productCategory xmlns:ns32="http://xml.comcast.com/survey/types">
     <ns32:productCategory>DATA</ns32:productCategory>
    </ns32:productCategory>
    <ns33:isRequestorConfirmationRequired xmlns:ns33="http://xml.comcast.com/survey/types">true</ns33:isRequestorConfirmationRequired>
    <ns34:productReference xmlns:ns34="http://xml.comcast.com/survey/types">
     <ns34:productReference xsi:type="ns34:DataProduct">
      <ns34:vertical>Standard</ns34:vertical>
      <ns34:productType>BI</ns34:productType>
     </ns34:productReference>
    </ns34:productReference>
    <ns35:correlationId xmlns:ns35="http://xml.comcast.com/survey/types">123456789</ns35:correlationId>
    <ns36:site xmlns:ns36="http://xml.comcast.com/survey/types">
     <ns37:siteId xmlns:ns37="http://xml.comcast.com/commercial/types">10265372</ns37:siteId>
     <ns38:siteName xmlns:ns38="http://xml.comcast.com/commercial/types">AKhjfgffg</ns38:siteName>
     <ns39:siteType xmlns:ns39="http://xml.comcast.com/commercial/types">RESI_MULTI_TENANT</ns39:siteType>
     <ns40:associatedAddressReferences xmlns:ns40="http://xml.comcast.com/commercial/types">1075299525</ns40:associatedAddressReferences>
     <ns41:associatedContactRoleReferences xmlns:ns41="http://xml.comcast.com/commercial/types">
      <ns41:commercialContactRole>
       <ns41:contactId>1075022397</ns41:contactId>
       <ns41:role/>
      </ns41:commercialContactRole>
     </ns41:associatedContactRoleReferences>
     <ns42:siteDetails xmlns:ns42="http://xml.comcast.com/commercial/types">
      <ns42:corpDetail>
       <ns42:corpId>87777000-HOUSTON</ns42:corpId>
      </ns42:corpDetail>
     </ns42:siteDetails>
    </ns36:site>
    <ns43:salesChannel xmlns:ns43="http://xml.comcast.com/survey/types">Workbench</ns43:salesChannel>
    <ns44:surveyAttribute xmlns:ns44="http://xml.comcast.com/survey/types">
     <ns45:key xmlns:ns45="http://xml.comcast.com/commercial/types">ADDITIONAL_USER_ROLE</ns45:key>
     <ns46:value xmlns:ns46="http://xml.comcast.com/commercial/types">POLARIS_USER</ns46:value>
    </ns44:surveyAttribute>
   </surveyRequest>
  </MultipleOutputs>
 </soapenv:Body>
</soapenv:Envelope>
Served By Operation: MultipleOutputs

2017/05/24 13:48:27 Response sent at 2017-05-24 13:48:27.8033829 -0400 EDT
Headers: [Content-Type:[text/xml]]
Body: <soapenv:Envelope xmlns:soapenv="http://schemas.xmlsoap.org/soap/envelope/">
 						<soapenv:Header>
  							<typ:responseHeader xmlns:typ="http://xml.comcast.com/types">
   								<typ:timestamp>2017-05-24-13:48:27-00</typ:timestamp>
   								<typ:trackingId>101</typ:trackingId>
  							</typ:responseHeader>
 						</soapenv:Header>
 						<soapenv:Body>
 							<randomNo>171</randomNo>
							<time>2017-05-24-13:48:27-00</time>
							<tomorrow>2017-05-25-13:48:27-00</tomorrow>
							<guid>5925c76b-847e-b0e5-66c9-f7a0-a012643c</guid>
							<capturedFromInput>15027999</capturedFromInput>
							<shuffled>ACBED</shuffled>
							<insert>Success</insert>
							<fetch>CR362310003</fetch>
  							<m:assignItemResponse xmlns:m="http://xml.comcast.com/inventory/services"/>
 						</soapenv:Body>
					</soapenv:Envelope>

